2026-02-25 13:43:40 - INFO - Запуск обновления индекса...
2026-02-25 13:43:40 - INFO - Use pytorch device_name: mps
2026-02-25 13:43:40 - INFO - Load pretrained SentenceTransformer: intfloat/multilingual-e5-small
2026-02-25 13:43:40 - INFO - HTTP Request: HEAD https://huggingface.co/intfloat/multilingual-e5-small/resolve/main/modules.json "HTTP/1.1 307 Temporary Redirect"
2026-02-25 13:43:40 - INFO - HTTP Request: HEAD https://huggingface.co/api/resolve-cache/models/intfloat/multilingual-e5-small/c007d7ef6fd86656326059b28395a7a03a7c5846/modules.json "HTTP/1.1 200 OK"
2026-02-25 13:43:40 - INFO - HTTP Request: HEAD https://huggingface.co/intfloat/multilingual-e5-small/resolve/main/config_sentence_transformers.json "HTTP/1.1 404 Not Found"
2026-02-25 13:43:40 - INFO - HTTP Request: HEAD https://huggingface.co/intfloat/multilingual-e5-small/resolve/main/config_sentence_transformers.json "HTTP/1.1 404 Not Found"
2026-02-25 13:43:40 - INFO - HTTP Request: HEAD https://huggingface.co/intfloat/multilingual-e5-small/resolve/main/README.md "HTTP/1.1 307 Temporary Redirect"
2026-02-25 13:43:40 - INFO - HTTP Request: HEAD https://huggingface.co/api/resolve-cache/models/intfloat/multilingual-e5-small/c007d7ef6fd86656326059b28395a7a03a7c5846/README.md "HTTP/1.1 200 OK"
2026-02-25 13:43:40 - INFO - HTTP Request: HEAD https://huggingface.co/intfloat/multilingual-e5-small/resolve/main/modules.json "HTTP/1.1 307 Temporary Redirect"
2026-02-25 13:43:41 - INFO - HTTP Request: HEAD https://huggingface.co/api/resolve-cache/models/intfloat/multilingual-e5-small/c007d7ef6fd86656326059b28395a7a03a7c5846/modules.json "HTTP/1.1 200 OK"
2026-02-25 13:43:41 - INFO - HTTP Request: HEAD https://huggingface.co/intfloat/multilingual-e5-small/resolve/main/sentence_bert_config.json "HTTP/1.1 307 Temporary Redirect"
2026-02-25 13:43:41 - INFO - HTTP Request: HEAD https://huggingface.co/api/resolve-cache/models/intfloat/multilingual-e5-small/c007d7ef6fd86656326059b28395a7a03a7c5846/sentence_bert_config.json "HTTP/1.1 200 OK"
2026-02-25 13:43:41 - INFO - HTTP Request: HEAD https://huggingface.co/intfloat/multilingual-e5-small/resolve/main/adapter_config.json "HTTP/1.1 404 Not Found"
2026-02-25 13:43:41 - INFO - HTTP Request: HEAD https://huggingface.co/intfloat/multilingual-e5-small/resolve/main/config.json "HTTP/1.1 307 Temporary Redirect"
2026-02-25 13:43:41 - INFO - HTTP Request: HEAD https://huggingface.co/api/resolve-cache/models/intfloat/multilingual-e5-small/c007d7ef6fd86656326059b28395a7a03a7c5846/config.json "HTTP/1.1 200 OK"
2026-02-25 13:43:41 - INFO - HTTP Request: HEAD https://huggingface.co/intfloat/multilingual-e5-small/resolve/main/config.json "HTTP/1.1 307 Temporary Redirect"
2026-02-25 13:43:41 - INFO - HTTP Request: HEAD https://huggingface.co/api/resolve-cache/models/intfloat/multilingual-e5-small/c007d7ef6fd86656326059b28395a7a03a7c5846/config.json "HTTP/1.1 200 OK"
2026-02-25 13:43:41 - INFO - HTTP Request: HEAD https://huggingface.co/intfloat/multilingual-e5-small/resolve/main/tokenizer_config.json "HTTP/1.1 307 Temporary Redirect"
2026-02-25 13:43:41 - INFO - HTTP Request: HEAD https://huggingface.co/api/resolve-cache/models/intfloat/multilingual-e5-small/c007d7ef6fd86656326059b28395a7a03a7c5846/tokenizer_config.json "HTTP/1.1 200 OK"
2026-02-25 13:43:42 - INFO - HTTP Request: HEAD https://huggingface.co/intfloat/multilingual-e5-small/resolve/main/tokenizer_config.json "HTTP/1.1 307 Temporary Redirect"
2026-02-25 13:43:42 - INFO - HTTP Request: HEAD https://huggingface.co/api/resolve-cache/models/intfloat/multilingual-e5-small/c007d7ef6fd86656326059b28395a7a03a7c5846/tokenizer_config.json "HTTP/1.1 200 OK"
2026-02-25 13:43:42 - INFO - HTTP Request: GET https://huggingface.co/api/models/intfloat/multilingual-e5-small/tree/main/additional_chat_templates?recursive=false&expand=false "HTTP/1.1 404 Not Found"
2026-02-25 13:43:42 - INFO - HTTP Request: GET https://huggingface.co/api/models/intfloat/multilingual-e5-small/tree/main?recursive=true&expand=false "HTTP/1.1 200 OK"
2026-02-25 13:43:43 - INFO - HTTP Request: GET https://huggingface.co/api/models/intfloat/multilingual-e5-small "HTTP/1.1 200 OK"
2026-02-25 13:43:43 - INFO - HTTP Request: HEAD https://huggingface.co/intfloat/multilingual-e5-small/resolve/main/1_Pooling/config.json "HTTP/1.1 307 Temporary Redirect"
2026-02-25 13:43:43 - INFO - HTTP Request: HEAD https://huggingface.co/api/resolve-cache/models/intfloat/multilingual-e5-small/c007d7ef6fd86656326059b28395a7a03a7c5846/1_Pooling%2Fconfig.json "HTTP/1.1 200 OK"
2026-02-25 13:43:44 - INFO - HTTP Request: GET https://huggingface.co/api/models/intfloat/multilingual-e5-small "HTTP/1.1 200 OK"
2026-02-25 13:43:44 - INFO - Модель эмбеддингов загружена.
2026-02-25 13:43:45 - INFO - Подключение к коллекции starwars_modified, текущее количество записей: 39
2026-02-25 13:43:45 - INFO - Найдено 32 уникальных файлов в индексе.
2026-02-25 13:43:45 - INFO - Найдено 1 новых файлов для обработки.
2026-02-25 13:43:45 - INFO - Обработка файла: 32_Новый_Персонаж.txt
2026-02-25 13:43:45 - INFO - Добавлено 1 чанков из файла 32_Новый_Персонаж.txt.
2026-02-25 13:43:45 - INFO - Обновление завершено. Всего добавлено новых чанков: 1. Теперь в коллекции 40 записей.
